<?xml version="1.0" encoding="UTF-8"?>
<!-- Generated by org.testng.reporters.JUnitXMLReporter -->
<testsuite hostname="DESKTOP-U2B40K2" ignored="0" name="Default test" tests="3" failures="0" timestamp="31 May 2021 06:55:50 GMT" time="9.719" errors="0">
  <testcase name="mydataprovider" time="5.507" classname="IBM.RestAssured_Assignment.RestAssuredBody"/>
  <testcase name="mydataprovider" time="1.553" classname="IBM.RestAssured_Assignment.RestAssuredBody"/>
  <testcase name="mydataprovider" time="1.506" classname="IBM.RestAssured_Assignment.RestAssuredBody"/>
</testsuite> <!-- Default test -->
