<?xml version="1.0" encoding="UTF-8"?>
<testng-results skipped="0" failed="0" ignored="0" total="3" passed="3">
  <reporter-output>
  </reporter-output>
  <suite name="Default suite" duration-ms="9719" started-at="2021-05-31T06:55:40Z" finished-at="2021-05-31T06:55:50Z">
    <groups>
    </groups>
    <test name="Default test" duration-ms="9719" started-at="2021-05-31T06:55:40Z" finished-at="2021-05-31T06:55:50Z">
      <class name="IBM.RestAssured_Assignment.RestAssuredBody">
        <test-method status="PASS" signature="mydataprovider(java.lang.String, java.lang.String, java.lang.String)[pri:0, instance:IBM.RestAssured_Assignment.RestAssuredBody@146ba0ac]" name="mydataprovider" duration-ms="5507" started-at="2021-05-31T06:55:41Z" data-provider="my data" finished-at="2021-05-31T06:55:47Z">
          <params>
            <param index="0">
              <value>
                <![CDATA[Fox]]>
              </value>
            </param>
            <param index="1">
              <value>
                <![CDATA[dogs]]>
              </value>
            </param>
            <param index="2">
              <value>
                <![CDATA[wilddogs]]>
              </value>
            </param>
          </params>
          <reporter-output>
          </reporter-output>
        </test-method> <!-- mydataprovider -->
        <test-method status="PASS" signature="mydataprovider(java.lang.String, java.lang.String, java.lang.String)[pri:0, instance:IBM.RestAssured_Assignment.RestAssuredBody@146ba0ac]" name="mydataprovider" duration-ms="1553" started-at="2021-05-31T06:55:47Z" data-provider="my data" finished-at="2021-05-31T06:55:48Z">
          <params>
            <param index="0">
              <value>
                <![CDATA[wolf]]>
              </value>
            </param>
            <param index="1">
              <value>
                <![CDATA[dog]]>
              </value>
            </param>
            <param index="2">
              <value>
                <![CDATA[fox]]>
              </value>
            </param>
          </params>
          <reporter-output>
          </reporter-output>
        </test-method> <!-- mydataprovider -->
        <test-method status="PASS" signature="mydataprovider(java.lang.String, java.lang.String, java.lang.String)[pri:0, instance:IBM.RestAssured_Assignment.RestAssuredBody@146ba0ac]" name="mydataprovider" duration-ms="1506" started-at="2021-05-31T06:55:49Z" data-provider="my data" finished-at="2021-05-31T06:55:50Z">
          <params>
            <param index="0">
              <value>
                <![CDATA[cat]]>
              </value>
            </param>
            <param index="1">
              <value>
                <![CDATA[pet]]>
              </value>
            </param>
            <param index="2">
              <value>
                <![CDATA[domestic]]>
              </value>
            </param>
          </params>
          <reporter-output>
          </reporter-output>
        </test-method> <!-- mydataprovider -->
      </class> <!-- IBM.RestAssured_Assignment.RestAssuredBody -->
    </test> <!-- Default test -->
  </suite> <!-- Default suite -->
</testng-results>
